The area below shows the last 4 KB of the execution log.

Function Logs:
[WARNING]	2026-01-26T08:04:14.919Z		LAMBDA_WARNING: Unhandled exception. The most likely cause is an issue in the function code. However, in rare cases, a Lambda runtime update can cause unexpected function behavior. For functions using managed runtimes, runtime updates can be triggered by a function change, or can be applied automatically. To determine if the runtime has been updated, check the runtime version in the INIT_START log entry. If this error correlates with a change in the runtime version, you may be able to mitigate this error by temporarily rolling back to the previous runtime version. For more information, see https://docs.aws.amazon.com/lambda/latest/dg/runtimes-update.html
[ERROR] Runtime.UserCodeSyntaxError: Syntax error in module 'lambda_function': expected an indented block after 'with' statement on line 14 (lambda_function.py, line 15)
Traceback (most recent call last):
  File "/var/task/lambda_function.py" Line 15
              cur.execute("select * from poc.my_table;")
INIT_REPORT Init Duration: 114.33 ms	Phase: init	Status: error	Error Type: Runtime.UserCodeSyntaxError
[WARNING]	2026-01-26T08:04:15.018Z		LAMBDA_WARNING: Unhandled exception. The most likely cause is an issue in the function code. However, in rare cases, a Lambda runtime update can cause unexpected function behavior. For functions using managed runtimes, runtime updates can be triggered by a function change, or can be applied automatically. To determine if the runtime has been updated, check the runtime version in the INIT_START log entry. If this error correlates with a change in the runtime version, you may be able to mitigate this error by temporarily rolling back to the previous runtime version. For more information, see https://docs.aws.amazon.com/lambda/latest/dg/runtimes-update.html
[ERROR] Runtime.UserCodeSyntaxError: Syntax error in module 'lambda_function': expected an indented block after 'with' statement on line 14 (lambda_function.py, line 15)
Traceback (most recent call last):
  File "/var/task/lambda_function.py" Line 15
              cur.execute("select * from poc.my_table;")
INIT_REPORT Init Duration: 74.99 ms	Phase: invoke	Status: error	Error Type: Runtime.UserCodeSyntaxError
START RequestId: b8532db6-9ae6-48ce-9564-8ac823ee2515 Version: $LATEST
END RequestId: b8532db6-9ae6-48ce-9564-8ac823ee2515
REPORT RequestId: b8532db6-9ae6-48ce-9564-8ac823ee2515	Duration: 84.32 ms	Billed Duration: 85 ms	Memory Size: 128 MB	Max Memory Used: 39 MB	Status: error	Error Type: Runtime.UserCodeSyntaxError
